<?xml version="1.0" encoding="UTF-8"?>
<!-- Generated by org.testng.reporters.JUnitReportReporter -->
<testsuite hostname="LAPTOP-BDUVLNVT" failures="0" tests="2" name="coverFoxTest.CF_TC555_Validate_search_results_for_healthcare_policies" time="21.773" errors="0" timestamp="2024-01-08T20:32:14 IST" skipped="1">
  <testcase classname="coverFoxTest.CF_TC555_Validate_search_results_for_healthcare_policies" name="validateTestPlansFromTextAndBanners" time="21.773">
    <system-out>
      <![CDATA[TC validateTestPlansFromTextAndBanners execution is started
Fetching number of results from text 
Fetching number of results from Banners 
TC is passed
Taking screenshot
Saved screenshot at C:\Users\Ankita\Desktop\Velocity\Selenium\Screenshots\coverFoxTC555_2024.01.08.20.32.10.png
TC validateTestPlansFromTextAndBanners is completed successfully]]>
    </system-out>
  </testcase> <!-- validateTestPlansFromTextAndBanners -->
  <testcase classname="coverFoxTest.CF_TC555_Validate_search_results_for_healthcare_policies" name="validateTestPlansFromTextBannersIfNotMatch">
    <skipped/>
  </testcase> <!-- validateTestPlansFromTextBannersIfNotMatch -->
  <system-out>
    <![CDATA[Launching Browser
TC validatePincodeErrorMsg execution is started
Error msg is displaying
Taking screenshot
Saved screenshot at C:\Users\Ankita\Desktop\Velocity\Selenium\Screenshots\coverFoxTC555_Error_2024.01.08.20.31.29.png
TC validatePincodeErrorMsg is completed successfully
Closing Browser
Launching Browser
clicking on gender button 
Clicking on next button
Handeling age drop down 
Clicking on next button 
Entering pin code 
Entering mobile num 
Clicking on Next button
TC validateTestPlansFromTextAndBanners execution is started
Fetching number of results from text 
Fetching number of results from Banners 
TC is passed
Taking screenshot
Saved screenshot at C:\Users\Ankita\Desktop\Velocity\Selenium\Screenshots\coverFoxTC555_2024.01.08.20.32.10.png
TC validateTestPlansFromTextAndBanners is completed successfully
Closing Browser]]>
  </system-out>
</testsuite> <!-- coverFoxTest.CF_TC555_Validate_search_results_for_healthcare_policies -->
